mode: count
go-gin-student/controllers/helper.go:34.16,40.2 5 8
go-gin-student/controllers/student.go:16.48,20.2 1 1
go-gin-student/controllers/student.go:30.53,32.16 2 1
go-gin-student/controllers/student.go:32.16,35.3 2 0
go-gin-student/controllers/student.go:36.2,37.89 2 1
go-gin-student/controllers/student.go:49.54,52.16 3 2
go-gin-student/controllers/student.go:52.16,55.3 2 1
go-gin-student/controllers/student.go:56.2,57.85 2 1
go-gin-student/controllers/student.go:70.53,73.50 2 1
go-gin-student/controllers/student.go:73.50,76.4 2 0
go-gin-student/controllers/student.go:78.2,79.16 2 1
go-gin-student/controllers/student.go:79.16,82.3 2 0
go-gin-student/controllers/student.go:84.2,85.82 2 1
go-gin-student/controllers/student.go:97.53,100.16 3 2
go-gin-student/controllers/student.go:100.16,103.3 2 1
go-gin-student/controllers/student.go:104.2,105.69 2 1
go-gin-student/controllers/student.go:119.53,124.50 3 2
go-gin-student/controllers/student.go:124.50,127.4 2 0
go-gin-student/controllers/student.go:129.2,130.16 2 2
go-gin-student/controllers/student.go:130.16,133.3 2 1
go-gin-student/controllers/student.go:135.2,136.77 2 1
